Determining if the pthread_create exist failed with the following output:
Change Dir: /home/matsantos/catkin_ws/build/kair_universalrobot_moveit/CMakeFiles/CMakeTmp

Run Build Command:"/usr/bin/make" "cmTC_76bdb/fast"
/usr/bin/make -f CMakeFiles/cmTC_76bdb.dir/build.make CMakeFiles/cmTC_76bdb.dir/build
make[1]: Entering directory '/home/matsantos/catkin_ws/build/kair_universalrobot_moveit/CMakeFiles/CMakeTmp'
Building C object CMakeFiles/cmTC_76bdb.dir/CheckSymbolExists.c.o
/usr/bin/cc    -o CMakeFiles/cmTC_76bdb.dir/CheckSymbolExists.c.o   -c /home/matsantos/catkin_ws/build/kair_universalrobot_moveit/CMakeFiles/CMakeTmp/CheckSymbolExists.c
Linking C executable cmTC_76bdb
/usr/bin/cmake -E cmake_link_script CMakeFiles/cmTC_76bdb.dir/link.txt --verbose=1
/usr/bin/cc      -rdynamic CMakeFiles/cmTC_76bdb.dir/CheckSymbolExists.c.o  -o cmTC_76bdb 
CMakeFiles/cmTC_76bdb.dir/CheckSymbolExists.c.o: In function `main':
CheckSymbolExists.c:(.text+0x1b): undefined reference to `pthread_create'
collect2: error: ld returned 1 exit status
CMakeFiles/cmTC_76bdb.dir/build.make:97: recipe for target 'cmTC_76bdb' failed
make[1]: *** [cmTC_76bdb] Error 1
make[1]: Leaving directory '/home/matsantos/catkin_ws/build/kair_universalrobot_moveit/CMakeFiles/CMakeTmp'
Makefile:126: recipe for target 'cmTC_76bdb/fast' failed
make: *** [cmTC_76bdb/fast] Error 2

File /home/matsantos/catkin_ws/build/kair_universalrobot_moveit/CMakeFiles/CMakeTmp/CheckSymbolExists.c:
/* */
#include <pthread.h>

int main(int argc, char** argv)
{
  (void)argv;
#ifndef pthread_create
  return ((int*)(&pthread_create))[argc];
#else
  (void)argc;
  return 0;
#endif
}

Determining if the function pthread_create exists in the pthreads failed with the following output:
Change Dir: /home/matsantos/catkin_ws/build/kair_universalrobot_moveit/CMakeFiles/CMakeTmp

Run Build Command:"/usr/bin/make" "cmTC_b45ca/fast"
/usr/bin/make -f CMakeFiles/cmTC_b45ca.dir/build.make CMakeFiles/cmTC_b45ca.dir/build
make[1]: Entering directory '/home/matsantos/catkin_ws/build/kair_universalrobot_moveit/CMakeFiles/CMakeTmp'
Building C object CMakeFiles/cmTC_b45ca.dir/CheckFunctionExists.c.o
/usr/bin/cc   -DCHECK_FUNCTION_EXISTS=pthread_create   -o CMakeFiles/cmTC_b45ca.dir/CheckFunctionExists.c.o   -c /usr/share/cmake-3.10/Modules/CheckFunctionExists.c
Linking C executable cmTC_b45ca
/usr/bin/cmake -E cmake_link_script CMakeFiles/cmTC_b45ca.dir/link.txt --verbose=1
/usr/bin/cc  -DCHECK_FUNCTION_EXISTS=pthread_create    -rdynamic CMakeFiles/cmTC_b45ca.dir/CheckFunctionExists.c.o  -o cmTC_b45ca -lpthreads 
/usr/bin/ld: cannot find -lpthreads
collect2: error: ld returned 1 exit status
CMakeFiles/cmTC_b45ca.dir/build.make:97: recipe for target 'cmTC_b45ca' failed
make[1]: *** [cmTC_b45ca] Error 1
make[1]: Leaving directory '/home/matsantos/catkin_ws/build/kair_universalrobot_moveit/CMakeFiles/CMakeTmp'
Makefile:126: recipe for target 'cmTC_b45ca/fast' failed
make: *** [cmTC_b45ca/fast] Error 2


