[35m[1mScanning dependencies of target _paczka_generate_messages_check_deps_MovePTP_P[0m
[  0%] Built target std_msgs_generate_messages_nodejs
[  0%] Built target std_msgs_generate_messages_eus
[  0%] Built target std_msgs_generate_messages_cpp
[  0%] Built target std_msgs_generate_messages_py
[  0%] Built target std_msgs_generate_messages_lisp
[  0%] Built target _paczka_generate_messages_check_deps_MovePTP_Q
[  0%] Built target _paczka_generate_messages_check_deps_MovePTP_P
[  8%] [34m[1mGenerating C++ code from paczka/MovePTP_P.srv[0m
[ 25%] [34m[1mGenerating EusLisp code from paczka/MovePTP_P.srv[0m
[ 25%] [34m[1mGenerating Lisp code from paczka/MovePTP_P.srv[0m
[ 33%] [34m[1mGenerating Python code from SRV paczka/MovePTP_P[0m
[ 41%] [34m[1mGenerating Javascript code from paczka/MovePTP_P.srv[0m
[ 50%] Built target paczka_generate_messages_nodejs
[ 58%] Built target paczka_generate_messages_lisp
[ 75%] Built target paczka_generate_messages_eus
[ 83%] [34m[1mGenerating Python srv __init__.py for paczka[0m
[ 91%] Built target paczka_generate_messages_cpp
[100%] Built target paczka_generate_messages_py
[100%] Built target paczka_generate_messages
