[35m[1mScanning dependencies of target _paczka_generate_messages_check_deps_MoveLin_P[0m
[  0%] Built target std_msgs_generate_messages_cpp
[  0%] Built target std_msgs_generate_messages_nodejs
[  0%] Built target std_msgs_generate_messages_py
[  0%] Built target std_msgs_generate_messages_eus
[  0%] Built target std_msgs_generate_messages_lisp
[  0%] Built target _paczka_generate_messages_check_deps_MoveLin_P
[  0%] Built target _paczka_generate_messages_check_deps_MoveLin_Q
[  0%] Built target _paczka_generate_messages_check_deps_MovePTP_P
[  0%] Built target _paczka_generate_messages_check_deps_MovePTP_Q
[  4%] [34m[1mGenerating Python code from SRV paczka/MoveLin_P[0m
[  9%] [34m[1mGenerating Lisp code from paczka/MoveLin_P.srv[0m
[ 13%] [34m[1mGenerating Javascript code from paczka/MoveLin_P.srv[0m
[ 22%] [34m[1mGenerating EusLisp code from paczka/MoveLin_P.srv[0m
[ 22%] [34m[1mGenerating C++ code from paczka/MoveLin_P.srv[0m
[ 36%] Built target paczka_generate_messages_lisp
[ 50%] Built target paczka_generate_messages_nodejs
[ 68%] Built target paczka_generate_messages_eus
[ 72%] [34m[1mGenerating Python srv __init__.py for paczka[0m
[ 86%] Built target paczka_generate_messages_cpp
[100%] Built target paczka_generate_messages_py
[100%] Built target paczka_generate_messages
