[  0%] Built target std_msgs_generate_messages_py
[  0%] Built target sensor_msgs_generate_messages_py
[  0%] Built target std_msgs_generate_messages_eus
[  0%] Built target _paczka_generate_messages_check_deps_MoveLin_Q
[  0%] Built target _paczka_generate_messages_check_deps_MoveLin_P
[  0%] Built target _paczka_generate_messages_check_deps_MovePTP_P
[  0%] Built target sensor_msgs_generate_messages_eus
[  0%] Built target _paczka_generate_messages_check_deps_MovePTP_Q
[  0%] Built target _paczka_generate_messages_check_deps_Stop
[  0%] Built target sensor_msgs_generate_messages_nodejs
[  0%] Built target std_msgs_generate_messages_cpp
[  0%] Built target sensor_msgs_generate_messages_cpp
[  0%] Built target sensor_msgs_generate_messages_lisp
[  0%] Built target std_msgs_generate_messages_nodejs
[  0%] Built target std_msgs_generate_messages_lisp
[ 22%] Built target paczka_generate_messages_py
[ 40%] Built target paczka_generate_messages_cpp
[ 62%] Built target paczka_generate_messages_eus
[100%] Built target paczka_generate_messages_lisp
[100%] Built target paczka_generate_messages_nodejs
[100%] Built target paczka_generate_messages
