[35m[1mScanning dependencies of target _paczka_generate_messages_check_deps_MoveLin_Q[0m
[  0%] Built target std_msgs_generate_messages_lisp
[  0%] Built target std_msgs_generate_messages_cpp
[  0%] Built target std_msgs_generate_messages_nodejs
[  0%] Built target std_msgs_generate_messages_py
[  0%] Built target std_msgs_generate_messages_eus
[  0%] Built target _paczka_generate_messages_check_deps_MoveLin_Q
[  0%] Built target _paczka_generate_messages_check_deps_MovePTP_Q
[  0%] Built target _paczka_generate_messages_check_deps_MovePTP_P
[  5%] [34m[1mGenerating EusLisp code from paczka/MoveLin_Q.srv[0m
[ 11%] [34m[1mGenerating C++ code from paczka/MoveLin_Q.srv[0m
[ 23%] [34m[1mGenerating Lisp code from paczka/MoveLin_Q.srv[0m
[ 23%] [34m[1mGenerating Javascript code from paczka/MoveLin_Q.srv[0m
[ 29%] [34m[1mGenerating Python code from SRV paczka/MoveLin_Q[0m
[ 41%] Built target paczka_generate_messages_nodejs
[ 52%] Built target paczka_generate_messages_lisp
[ 70%] Built target paczka_generate_messages_eus
[ 76%] [34m[1mGenerating Python srv __init__.py for paczka[0m
[ 88%] Built target paczka_generate_messages_cpp
[100%] Built target paczka_generate_messages_py
[100%] Built target paczka_generate_messages
