Linked: (/home/matsantos/catkin_ws/devel/.private/paczka/lib/pkgconfig/paczka.pc, /home/matsantos/catkin_ws/devel/lib/pkgconfig/paczka.pc)
Linked: (/home/matsantos/catkin_ws/devel/.private/paczka/lib/python2.7/dist-packages/paczka/__init__.py, /home/matsantos/catkin_ws/devel/lib/python2.7/dist-packages/paczka/__init__.py)
Linked: (/home/matsantos/catkin_ws/devel/.private/paczka/lib/python2.7/dist-packages/paczka/srv/_MovePTP_Q.py, /home/matsantos/catkin_ws/devel/lib/python2.7/dist-packages/paczka/srv/_MovePTP_Q.py)
Symlinking /home/matsantos/catkin_ws/devel/lib/python2.7/dist-packages/paczka/srv/_MovePTP_P.py
Linked: (/home/matsantos/catkin_ws/devel/.private/paczka/lib/python2.7/dist-packages/paczka/srv/__init__.py, /home/matsantos/catkin_ws/devel/lib/python2.7/dist-packages/paczka/srv/__init__.py)
Linked: (/home/matsantos/catkin_ws/devel/.private/paczka/lib/python2.7/dist-packages/paczka/srv/_pose.py, /home/matsantos/catkin_ws/devel/lib/python2.7/dist-packages/paczka/srv/_pose.py)
Linked: (/home/matsantos/catkin_ws/devel/.private/paczka/include/paczka/poseRequest.h, /home/matsantos/catkin_ws/devel/include/paczka/poseRequest.h)
Linked: (/home/matsantos/catkin_ws/devel/.private/paczka/include/paczka/MovePTP_QRequest.h, /home/matsantos/catkin_ws/devel/include/paczka/MovePTP_QRequest.h)
Linked: (/home/matsantos/catkin_ws/devel/.private/paczka/include/paczka/MovePTP_Q.h, /home/matsantos/catkin_ws/devel/include/paczka/MovePTP_Q.h)
Linked: (/home/matsantos/catkin_ws/devel/.private/paczka/include/paczka/poseResponse.h, /home/matsantos/catkin_ws/devel/include/paczka/poseResponse.h)
Symlinking /home/matsantos/catkin_ws/devel/include/paczka/MovePTP_P.h
Symlinking /home/matsantos/catkin_ws/devel/include/paczka/MovePTP_PResponse.h
Linked: (/home/matsantos/catkin_ws/devel/.private/paczka/include/paczka/MovePTP_QResponse.h, /home/matsantos/catkin_ws/devel/include/paczka/MovePTP_QResponse.h)
Symlinking /home/matsantos/catkin_ws/devel/include/paczka/MovePTP_PRequest.h
Linked: (/home/matsantos/catkin_ws/devel/.private/paczka/include/paczka/pose.h, /home/matsantos/catkin_ws/devel/include/paczka/pose.h)
Linked: (/home/matsantos/catkin_ws/devel/.private/paczka/share/gennodejs/ros/paczka/_index.js, /home/matsantos/catkin_ws/devel/share/gennodejs/ros/paczka/_index.js)
Linked: (/home/matsantos/catkin_ws/devel/.private/paczka/share/gennodejs/ros/paczka/srv/pose.js, /home/matsantos/catkin_ws/devel/share/gennodejs/ros/paczka/srv/pose.js)
Symlinking /home/matsantos/catkin_ws/devel/share/gennodejs/ros/paczka/srv/MovePTP_P.js
Linked: (/home/matsantos/catkin_ws/devel/.private/paczka/share/gennodejs/ros/paczka/srv/MovePTP_Q.js, /home/matsantos/catkin_ws/devel/share/gennodejs/ros/paczka/srv/MovePTP_Q.js)
Linked: (/home/matsantos/catkin_ws/devel/.private/paczka/share/gennodejs/ros/paczka/srv/_index.js, /home/matsantos/catkin_ws/devel/share/gennodejs/ros/paczka/srv/_index.js)
Linked: (/home/matsantos/catkin_ws/devel/.private/paczka/share/roseus/ros/paczka/manifest.l, /home/matsantos/catkin_ws/devel/share/roseus/ros/paczka/manifest.l)
Linked: (/home/matsantos/catkin_ws/devel/.private/paczka/share/roseus/ros/paczka/srv/MovePTP_Q.l, /home/matsantos/catkin_ws/devel/share/roseus/ros/paczka/srv/MovePTP_Q.l)
Linked: (/home/matsantos/catkin_ws/devel/.private/paczka/share/roseus/ros/paczka/srv/pose.l, /home/matsantos/catkin_ws/devel/share/roseus/ros/paczka/srv/pose.l)
Symlinking /home/matsantos/catkin_ws/devel/share/roseus/ros/paczka/srv/MovePTP_P.l
Linked: (/home/matsantos/catkin_ws/devel/.private/paczka/share/common-lisp/ros/paczka/srv/_package.lisp, /home/matsantos/catkin_ws/devel/share/common-lisp/ros/paczka/srv/_package.lisp)
Linked: (/home/matsantos/catkin_ws/devel/.private/paczka/share/common-lisp/ros/paczka/srv/pose.lisp, /home/matsantos/catkin_ws/devel/share/common-lisp/ros/paczka/srv/pose.lisp)
Symlinking /home/matsantos/catkin_ws/devel/share/common-lisp/ros/paczka/srv/_package_MovePTP_P.lisp
Linked: (/home/matsantos/catkin_ws/devel/.private/paczka/share/common-lisp/ros/paczka/srv/_package_MovePTP_Q.lisp, /home/matsantos/catkin_ws/devel/share/common-lisp/ros/paczka/srv/_package_MovePTP_Q.lisp)
Linked: (/home/matsantos/catkin_ws/devel/.private/paczka/share/common-lisp/ros/paczka/srv/MovePTP_Q.lisp, /home/matsantos/catkin_ws/devel/share/common-lisp/ros/paczka/srv/MovePTP_Q.lisp)
Linked: (/home/matsantos/catkin_ws/devel/.private/paczka/share/common-lisp/ros/paczka/srv/paczka-srv.asd, /home/matsantos/catkin_ws/devel/share/common-lisp/ros/paczka/srv/paczka-srv.asd)
Linked: (/home/matsantos/catkin_ws/devel/.private/paczka/share/common-lisp/ros/paczka/srv/_package_pose.lisp, /home/matsantos/catkin_ws/devel/share/common-lisp/ros/paczka/srv/_package_pose.lisp)
Symlinking /home/matsantos/catkin_ws/devel/share/common-lisp/ros/paczka/srv/MovePTP_P.lisp
Linked: (/home/matsantos/catkin_ws/devel/.private/paczka/share/paczka/cmake/paczka-msg-paths.cmake, /home/matsantos/catkin_ws/devel/share/paczka/cmake/paczka-msg-paths.cmake)
Linked: (/home/matsantos/catkin_ws/devel/.private/paczka/share/paczka/cmake/paczka-msg-extras.cmake, /home/matsantos/catkin_ws/devel/share/paczka/cmake/paczka-msg-extras.cmake)
Linked: (/home/matsantos/catkin_ws/devel/.private/paczka/share/paczka/cmake/paczkaConfig.cmake, /home/matsantos/catkin_ws/devel/share/paczka/cmake/paczkaConfig.cmake)
Linked: (/home/matsantos/catkin_ws/devel/.private/paczka/share/paczka/cmake/paczkaConfig-version.cmake, /home/matsantos/catkin_ws/devel/share/paczka/cmake/paczkaConfig-version.cmake)
