[35m[1mScanning dependencies of target _paczka_generate_messages_check_deps_Stop[0m
[  0%] Built target std_msgs_generate_messages_cpp
[  0%] Built target std_msgs_generate_messages_eus
[  0%] Built target std_msgs_generate_messages_py
[  0%] Built target _paczka_generate_messages_check_deps_MovePTP_Q
[  0%] Built target std_msgs_generate_messages_nodejs
[  0%] Built target std_msgs_generate_messages_lisp
[  0%] Built target _paczka_generate_messages_check_deps_MoveLin_Q
[  0%] Built target _paczka_generate_messages_check_deps_MoveLin_P
[  0%] Built target _paczka_generate_messages_check_deps_MovePTP_P
[  0%] Built target _paczka_generate_messages_check_deps_Stop
[  3%] [34m[1mGenerating EusLisp code from paczka/Stop.srv[0m
[ 11%] [34m[1mGenerating C++ code from paczka/Stop.srv[0m
[ 11%] [34m[1mGenerating Python code from SRV paczka/Stop[0m
[ 14%] [34m[1mGenerating Lisp code from paczka/Stop.srv[0m
[ 18%] [34m[1mGenerating Javascript code from paczka/Stop.srv[0m
[ 33%] Built target paczka_generate_messages_nodejs
[ 48%] Built target paczka_generate_messages_lisp
[ 66%] Built target paczka_generate_messages_eus
[ 70%] [34m[1mGenerating Python srv __init__.py for paczka[0m
[ 85%] Built target paczka_generate_messages_cpp
[100%] Built target paczka_generate_messages_py
[100%] Built target paczka_generate_messages
