Determining if the pthread_create exist failed with the following output:
Change Dir: /home/matsantos/catkin_ws/build/mobil/CMakeFiles/CMakeTmp

Run Build Command:"/usr/bin/make" "cmTC_95cce/fast"
/usr/bin/make -f CMakeFiles/cmTC_95cce.dir/build.make CMakeFiles/cmTC_95cce.dir/build
make[1]: Entering directory '/home/matsantos/catkin_ws/build/mobil/CMakeFiles/CMakeTmp'
Building C object CMakeFiles/cmTC_95cce.dir/CheckSymbolExists.c.o
/usr/bin/cc    -o CMakeFiles/cmTC_95cce.dir/CheckSymbolExists.c.o   -c /home/matsantos/catkin_ws/build/mobil/CMakeFiles/CMakeTmp/CheckSymbolExists.c
Linking C executable cmTC_95cce
/usr/bin/cmake -E cmake_link_script CMakeFiles/cmTC_95cce.dir/link.txt --verbose=1
/usr/bin/cc      -rdynamic CMakeFiles/cmTC_95cce.dir/CheckSymbolExists.c.o  -o cmTC_95cce 
CMakeFiles/cmTC_95cce.dir/CheckSymbolExists.c.o: In function `main':
CheckSymbolExists.c:(.text+0x1b): undefined reference to `pthread_create'
collect2: error: ld returned 1 exit status
CMakeFiles/cmTC_95cce.dir/build.make:97: recipe for target 'cmTC_95cce' failed
make[1]: *** [cmTC_95cce] Error 1
make[1]: Leaving directory '/home/matsantos/catkin_ws/build/mobil/CMakeFiles/CMakeTmp'
Makefile:126: recipe for target 'cmTC_95cce/fast' failed
make: *** [cmTC_95cce/fast] Error 2

File /home/matsantos/catkin_ws/build/mobil/CMakeFiles/CMakeTmp/CheckSymbolExists.c:
/* */
#include <pthread.h>

int main(int argc, char** argv)
{
  (void)argv;
#ifndef pthread_create
  return ((int*)(&pthread_create))[argc];
#else
  (void)argc;
  return 0;
#endif
}

Determining if the function pthread_create exists in the pthreads failed with the following output:
Change Dir: /home/matsantos/catkin_ws/build/mobil/CMakeFiles/CMakeTmp

Run Build Command:"/usr/bin/make" "cmTC_bdb7b/fast"
/usr/bin/make -f CMakeFiles/cmTC_bdb7b.dir/build.make CMakeFiles/cmTC_bdb7b.dir/build
make[1]: Entering directory '/home/matsantos/catkin_ws/build/mobil/CMakeFiles/CMakeTmp'
Building C object CMakeFiles/cmTC_bdb7b.dir/CheckFunctionExists.c.o
/usr/bin/cc   -DCHECK_FUNCTION_EXISTS=pthread_create   -o CMakeFiles/cmTC_bdb7b.dir/CheckFunctionExists.c.o   -c /usr/share/cmake-3.10/Modules/CheckFunctionExists.c
Linking C executable cmTC_bdb7b
/usr/bin/cmake -E cmake_link_script CMakeFiles/cmTC_bdb7b.dir/link.txt --verbose=1
/usr/bin/cc  -DCHECK_FUNCTION_EXISTS=pthread_create    -rdynamic CMakeFiles/cmTC_bdb7b.dir/CheckFunctionExists.c.o  -o cmTC_bdb7b -lpthreads 
/usr/bin/ld: cannot find -lpthreads
collect2: error: ld returned 1 exit status
CMakeFiles/cmTC_bdb7b.dir/build.make:97: recipe for target 'cmTC_bdb7b' failed
make[1]: *** [cmTC_bdb7b] Error 1
make[1]: Leaving directory '/home/matsantos/catkin_ws/build/mobil/CMakeFiles/CMakeTmp'
Makefile:126: recipe for target 'cmTC_bdb7b/fast' failed
make: *** [cmTC_bdb7b/fast] Error 2


