Determining if the pthread_create exist failed with the following output:
Change Dir: /home/matsantos/catkin_ws/build/paczka/CMakeFiles/CMakeTmp

Run Build Command:"/usr/bin/make" "cmTC_9b76f/fast"
/usr/bin/make -f CMakeFiles/cmTC_9b76f.dir/build.make CMakeFiles/cmTC_9b76f.dir/build
make[1]: Entering directory '/home/matsantos/catkin_ws/build/paczka/CMakeFiles/CMakeTmp'
Building C object CMakeFiles/cmTC_9b76f.dir/CheckSymbolExists.c.o
/usr/bin/cc    -o CMakeFiles/cmTC_9b76f.dir/CheckSymbolExists.c.o   -c /home/matsantos/catkin_ws/build/paczka/CMakeFiles/CMakeTmp/CheckSymbolExists.c
Linking C executable cmTC_9b76f
/usr/bin/cmake -E cmake_link_script CMakeFiles/cmTC_9b76f.dir/link.txt --verbose=1
/usr/bin/cc      -rdynamic CMakeFiles/cmTC_9b76f.dir/CheckSymbolExists.c.o  -o cmTC_9b76f 
CMakeFiles/cmTC_9b76f.dir/CheckSymbolExists.c.o: In function `main':
CheckSymbolExists.c:(.text+0x1b): undefined reference to `pthread_create'
collect2: error: ld returned 1 exit status
CMakeFiles/cmTC_9b76f.dir/build.make:97: recipe for target 'cmTC_9b76f' failed
make[1]: *** [cmTC_9b76f] Error 1
make[1]: Leaving directory '/home/matsantos/catkin_ws/build/paczka/CMakeFiles/CMakeTmp'
Makefile:126: recipe for target 'cmTC_9b76f/fast' failed
make: *** [cmTC_9b76f/fast] Error 2

File /home/matsantos/catkin_ws/build/paczka/CMakeFiles/CMakeTmp/CheckSymbolExists.c:
/* */
#include <pthread.h>

int main(int argc, char** argv)
{
  (void)argv;
#ifndef pthread_create
  return ((int*)(&pthread_create))[argc];
#else
  (void)argc;
  return 0;
#endif
}

Determining if the function pthread_create exists in the pthreads failed with the following output:
Change Dir: /home/matsantos/catkin_ws/build/paczka/CMakeFiles/CMakeTmp

Run Build Command:"/usr/bin/make" "cmTC_e27ce/fast"
/usr/bin/make -f CMakeFiles/cmTC_e27ce.dir/build.make CMakeFiles/cmTC_e27ce.dir/build
make[1]: Entering directory '/home/matsantos/catkin_ws/build/paczka/CMakeFiles/CMakeTmp'
Building C object CMakeFiles/cmTC_e27ce.dir/CheckFunctionExists.c.o
/usr/bin/cc   -DCHECK_FUNCTION_EXISTS=pthread_create   -o CMakeFiles/cmTC_e27ce.dir/CheckFunctionExists.c.o   -c /usr/share/cmake-3.10/Modules/CheckFunctionExists.c
Linking C executable cmTC_e27ce
/usr/bin/cmake -E cmake_link_script CMakeFiles/cmTC_e27ce.dir/link.txt --verbose=1
/usr/bin/cc  -DCHECK_FUNCTION_EXISTS=pthread_create    -rdynamic CMakeFiles/cmTC_e27ce.dir/CheckFunctionExists.c.o  -o cmTC_e27ce -lpthreads 
/usr/bin/ld: cannot find -lpthreads
collect2: error: ld returned 1 exit status
CMakeFiles/cmTC_e27ce.dir/build.make:97: recipe for target 'cmTC_e27ce' failed
make[1]: *** [cmTC_e27ce] Error 1
make[1]: Leaving directory '/home/matsantos/catkin_ws/build/paczka/CMakeFiles/CMakeTmp'
Makefile:126: recipe for target 'cmTC_e27ce/fast' failed
make: *** [cmTC_e27ce/fast] Error 2


